<?xml version="1.0" encoding="UTF-8"?>
<!-- Generated by org.testng.reporters.JUnitXMLReporter -->
<testsuite hostname="OJAS00217" ignored="0" name="Test" tests="3" failures="0" timestamp="22 Jan 2020 05:17:36 GMT" time="5.977" errors="0">
  <testcase name="@BeforeClass init" time="2.102" classname="com.PigeonHole.RegressionScripts.PigeonHole_QA_Test">
    <failure type="org.openqa.selenium.SessionNotCreatedException" message="session not created: This version of ChromeDriver only supports Chrome version 79
Build info: version: &amp;apos;3.141.59&amp;apos;, revision: &amp;apos;e82be7d358&amp;apos;, time: &amp;apos;2018-11-14T08:17:03&amp;apos;
System info: host: &amp;apos;OJAS00217&amp;apos;, ip: &amp;apos;192.168.3.176&amp;apos;, os.name: &amp;apos;Windows 10&amp;apos;, os.arch: &amp;apos;amd64&amp;apos;, os.version: &amp;apos;10.0&amp;apos;, java.version: &amp;apos;1.8.0_211&amp;apos;
Driver info: driver.version: ChromeDriver
remote stacktrace: Backtrace:
	Ordinal0 [0x0051A113+1548563]
	Ordinal0 [0x0049DDA1+1039777]
	Ordinal0 [0x0041E485+517253]
	Ordinal0 [0x003AFD34+64820]
	Ordinal0 [0x003AC61E+50718]
	Ordinal0 [0x003CB797+178071]
	Ordinal0 [0x003CB59D+177565]
	Ordinal0 [0x003C95FB+169467]
	Ordinal0 [0x003B160A+71178]
	Ordinal0 [0x003B2690+75408]
	Ordinal0 [0x003B2629+75305]
	Ordinal0 [0x004B71B7+1143223]
	GetHandleVerifier [0x005B2B46+507814]
	GetHandleVerifier [0x005B2864+507076]
	GetHandleVerifier [0x005B9F47+537511]
	GetHandleVerifier [0x005B3402+510050]
	Ordinal0 [0x004AF29C+1110684]
	Ordinal0 [0x004B938B+1151883]
	Ordinal0 [0x004B94F3+1152243]
	Ordinal0 [0x004B83F5+1147893]
	BaseThreadInitThunk [0x76C56359+25]
	RtlGetAppContainerNamedObjectPath [0x77CC7B74+228]
	RtlGetAppContainerNamedObjectPath [0x77CC7B44+180]
">
      <![CDATA[org.openqa.selenium.SessionNotCreatedException: session not created: This version of ChromeDriver only supports Chrome version 79
Build info: version: '3.141.59', revision: 'e82be7d358', time: '2018-11-14T08:17:03'
System info: host: 'OJAS00217', ip: '192.168.3.176', os.name: 'Windows 10', os.arch: 'amd64', os.version: '10.0', java.version: '1.8.0_211'
Driver info: driver.version: ChromeDriver
remote stacktrace: Backtrace:
Ordinal0 [0x0051A113+1548563]
Ordinal0 [0x0049DDA1+1039777]
Ordinal0 [0x0041E485+517253]
Ordinal0 [0x003AFD34+64820]
Ordinal0 [0x003AC61E+50718]
Ordinal0 [0x003CB797+178071]
Ordinal0 [0x003CB59D+177565]
Ordinal0 [0x003C95FB+169467]
Ordinal0 [0x003B160A+71178]
Ordinal0 [0x003B2690+75408]
Ordinal0 [0x003B2629+75305]
Ordinal0 [0x004B71B7+1143223]
GetHandleVerifier [0x005B2B46+507814]
GetHandleVerifier [0x005B2864+507076]
GetHandleVerifier [0x005B9F47+537511]
GetHandleVerifier [0x005B3402+510050]
Ordinal0 [0x004AF29C+1110684]
Ordinal0 [0x004B938B+1151883]
Ordinal0 [0x004B94F3+1152243]
Ordinal0 [0x004B83F5+1147893]
BaseThreadInitThunk [0x76C56359+25]
RtlGetAppContainerNamedObjectPath [0x77CC7B74+228]
RtlGetAppContainerNamedObjectPath [0x77CC7B44+180]

at org.openqa.selenium.remote.W3CHandshakeResponse.lambda$errorHandler$0(W3CHandshakeResponse.java:62)
at org.openqa.selenium.remote.HandshakeResponse.lambda$getResponseFunction$0(HandshakeResponse.java:30)
at org.openqa.selenium.remote.ProtocolHandshake.lambda$createSession$0(ProtocolHandshake.java:126)
at java.util.stream.ReferencePipeline$3$1.accept(Unknown Source)
at java.util.Spliterators$ArraySpliterator.tryAdvance(Unknown Source)
at java.util.stream.ReferencePipeline.forEachWithCancel(Unknown Source)
at java.util.stream.AbstractPipeline.copyIntoWithCancel(Unknown Source)
at java.util.stream.AbstractPipeline.copyInto(Unknown Source)
at java.util.stream.AbstractPipeline.wrapAndCopyInto(Unknown Source)
at java.util.stream.FindOps$FindOp.evaluateSequential(Unknown Source)
at java.util.stream.AbstractPipeline.evaluate(Unknown Source)
at java.util.stream.ReferencePipeline.findFirst(Unknown Source)
at org.openqa.selenium.remote.ProtocolHandshake.createSession(ProtocolHandshake.java:128)
at org.openqa.selenium.remote.ProtocolHandshake.createSession(ProtocolHandshake.java:74)
at org.openqa.selenium.remote.HttpCommandExecutor.execute(HttpCommandExecutor.java:136)
at org.openqa.selenium.remote.service.DriverCommandExecutor.execute(DriverCommandExecutor.java:83)
at org.openqa.selenium.remote.RemoteWebDriver.execute(RemoteWebDriver.java:552)
at org.openqa.selenium.remote.RemoteWebDriver.startSession(RemoteWebDriver.java:213)
at org.openqa.selenium.remote.RemoteWebDriver.<init>(RemoteWebDriver.java:131)
at org.openqa.selenium.chrome.ChromeDriver.<init>(ChromeDriver.java:181)
at org.openqa.selenium.chrome.ChromeDriver.<init>(ChromeDriver.java:168)
at org.openqa.selenium.chrome.ChromeDriver.<init>(ChromeDriver.java:123)
at com.PigeonHole.FunctionalLibrary.GenericMethods.openBrowser(GenericMethods.java:32)
at com.PigeonHole.RegressionScripts.PigeonHole_QA_Test.init(PigeonHole_QA_Test.java:52)
... Removed 30 stack frames]]>
    </failure>
  </testcase> <!-- @BeforeClass init -->
  <testcase name="@BeforeClass appLaunch" time="2.053" classname="com.PigeonHole.RegressionScripts.PigeonHole_MultipleChoicePoll_Test">
    <failure type="org.openqa.selenium.SessionNotCreatedException" message="session not created: This version of ChromeDriver only supports Chrome version 79
Build info: version: &amp;apos;3.141.59&amp;apos;, revision: &amp;apos;e82be7d358&amp;apos;, time: &amp;apos;2018-11-14T08:17:03&amp;apos;
System info: host: &amp;apos;OJAS00217&amp;apos;, ip: &amp;apos;192.168.3.176&amp;apos;, os.name: &amp;apos;Windows 10&amp;apos;, os.arch: &amp;apos;amd64&amp;apos;, os.version: &amp;apos;10.0&amp;apos;, java.version: &amp;apos;1.8.0_211&amp;apos;
Driver info: driver.version: ChromeDriver
remote stacktrace: Backtrace:
	Ordinal0 [0x0051A113+1548563]
	Ordinal0 [0x0049DDA1+1039777]
	Ordinal0 [0x0041E485+517253]
	Ordinal0 [0x003AFD34+64820]
	Ordinal0 [0x003AC61E+50718]
	Ordinal0 [0x003CB797+178071]
	Ordinal0 [0x003CB59D+177565]
	Ordinal0 [0x003C95FB+169467]
	Ordinal0 [0x003B160A+71178]
	Ordinal0 [0x003B2690+75408]
	Ordinal0 [0x003B2629+75305]
	Ordinal0 [0x004B71B7+1143223]
	GetHandleVerifier [0x005B2B46+507814]
	GetHandleVerifier [0x005B2864+507076]
	GetHandleVerifier [0x005B9F47+537511]
	GetHandleVerifier [0x005B3402+510050]
	Ordinal0 [0x004AF29C+1110684]
	Ordinal0 [0x004B938B+1151883]
	Ordinal0 [0x004B94F3+1152243]
	Ordinal0 [0x004B83F5+1147893]
	BaseThreadInitThunk [0x76C56359+25]
	RtlGetAppContainerNamedObjectPath [0x77CC7B74+228]
	RtlGetAppContainerNamedObjectPath [0x77CC7B44+180]
">
      <![CDATA[org.openqa.selenium.SessionNotCreatedException: session not created: This version of ChromeDriver only supports Chrome version 79
Build info: version: '3.141.59', revision: 'e82be7d358', time: '2018-11-14T08:17:03'
System info: host: 'OJAS00217', ip: '192.168.3.176', os.name: 'Windows 10', os.arch: 'amd64', os.version: '10.0', java.version: '1.8.0_211'
Driver info: driver.version: ChromeDriver
remote stacktrace: Backtrace:
Ordinal0 [0x0051A113+1548563]
Ordinal0 [0x0049DDA1+1039777]
Ordinal0 [0x0041E485+517253]
Ordinal0 [0x003AFD34+64820]
Ordinal0 [0x003AC61E+50718]
Ordinal0 [0x003CB797+178071]
Ordinal0 [0x003CB59D+177565]
Ordinal0 [0x003C95FB+169467]
Ordinal0 [0x003B160A+71178]
Ordinal0 [0x003B2690+75408]
Ordinal0 [0x003B2629+75305]
Ordinal0 [0x004B71B7+1143223]
GetHandleVerifier [0x005B2B46+507814]
GetHandleVerifier [0x005B2864+507076]
GetHandleVerifier [0x005B9F47+537511]
GetHandleVerifier [0x005B3402+510050]
Ordinal0 [0x004AF29C+1110684]
Ordinal0 [0x004B938B+1151883]
Ordinal0 [0x004B94F3+1152243]
Ordinal0 [0x004B83F5+1147893]
BaseThreadInitThunk [0x76C56359+25]
RtlGetAppContainerNamedObjectPath [0x77CC7B74+228]
RtlGetAppContainerNamedObjectPath [0x77CC7B44+180]

at org.openqa.selenium.remote.W3CHandshakeResponse.lambda$errorHandler$0(W3CHandshakeResponse.java:62)
at org.openqa.selenium.remote.HandshakeResponse.lambda$getResponseFunction$0(HandshakeResponse.java:30)
at org.openqa.selenium.remote.ProtocolHandshake.lambda$createSession$0(ProtocolHandshake.java:126)
at java.util.stream.ReferencePipeline$3$1.accept(Unknown Source)
at java.util.Spliterators$ArraySpliterator.tryAdvance(Unknown Source)
at java.util.stream.ReferencePipeline.forEachWithCancel(Unknown Source)
at java.util.stream.AbstractPipeline.copyIntoWithCancel(Unknown Source)
at java.util.stream.AbstractPipeline.copyInto(Unknown Source)
at java.util.stream.AbstractPipeline.wrapAndCopyInto(Unknown Source)
at java.util.stream.FindOps$FindOp.evaluateSequential(Unknown Source)
at java.util.stream.AbstractPipeline.evaluate(Unknown Source)
at java.util.stream.ReferencePipeline.findFirst(Unknown Source)
at org.openqa.selenium.remote.ProtocolHandshake.createSession(ProtocolHandshake.java:128)
at org.openqa.selenium.remote.ProtocolHandshake.createSession(ProtocolHandshake.java:74)
at org.openqa.selenium.remote.HttpCommandExecutor.execute(HttpCommandExecutor.java:136)
at org.openqa.selenium.remote.service.DriverCommandExecutor.execute(DriverCommandExecutor.java:83)
at org.openqa.selenium.remote.RemoteWebDriver.execute(RemoteWebDriver.java:552)
at org.openqa.selenium.remote.RemoteWebDriver.startSession(RemoteWebDriver.java:213)
at org.openqa.selenium.remote.RemoteWebDriver.<init>(RemoteWebDriver.java:131)
at org.openqa.selenium.chrome.ChromeDriver.<init>(ChromeDriver.java:181)
at org.openqa.selenium.chrome.ChromeDriver.<init>(ChromeDriver.java:168)
at org.openqa.selenium.chrome.ChromeDriver.<init>(ChromeDriver.java:123)
at com.PigeonHole.FunctionalLibrary.GenericMethods.openBrowser(GenericMethods.java:32)
at com.PigeonHole.RegressionScripts.PigeonHole_MultipleChoicePoll_Test.appLaunch(PigeonHole_MultipleChoicePoll_Test.java:61)
... Removed 30 stack frames]]>
    </failure>
  </testcase> <!-- @BeforeClass appLaunch -->
  <testcase name="@BeforeClass appLaunch" time="1.792" classname="com.PigeonHole.RegressionScripts.PigeonHole_CreateQuizSessions">
    <failure type="org.openqa.selenium.SessionNotCreatedException" message="session not created: This version of ChromeDriver only supports Chrome version 79
Build info: version: &amp;apos;3.141.59&amp;apos;, revision: &amp;apos;e82be7d358&amp;apos;, time: &amp;apos;2018-11-14T08:17:03&amp;apos;
System info: host: &amp;apos;OJAS00217&amp;apos;, ip: &amp;apos;192.168.3.176&amp;apos;, os.name: &amp;apos;Windows 10&amp;apos;, os.arch: &amp;apos;amd64&amp;apos;, os.version: &amp;apos;10.0&amp;apos;, java.version: &amp;apos;1.8.0_211&amp;apos;
Driver info: driver.version: ChromeDriver
remote stacktrace: Backtrace:
	Ordinal0 [0x0051A113+1548563]
	Ordinal0 [0x0049DDA1+1039777]
	Ordinal0 [0x0041E485+517253]
	Ordinal0 [0x003AFD34+64820]
	Ordinal0 [0x003AC61E+50718]
	Ordinal0 [0x003CB797+178071]
	Ordinal0 [0x003CB59D+177565]
	Ordinal0 [0x003C95FB+169467]
	Ordinal0 [0x003B160A+71178]
	Ordinal0 [0x003B2690+75408]
	Ordinal0 [0x003B2629+75305]
	Ordinal0 [0x004B71B7+1143223]
	GetHandleVerifier [0x005B2B46+507814]
	GetHandleVerifier [0x005B2864+507076]
	GetHandleVerifier [0x005B9F47+537511]
	GetHandleVerifier [0x005B3402+510050]
	Ordinal0 [0x004AF29C+1110684]
	Ordinal0 [0x004B938B+1151883]
	Ordinal0 [0x004B94F3+1152243]
	Ordinal0 [0x004B83F5+1147893]
	BaseThreadInitThunk [0x76C56359+25]
	RtlGetAppContainerNamedObjectPath [0x77CC7B74+228]
	RtlGetAppContainerNamedObjectPath [0x77CC7B44+180]
">
      <![CDATA[org.openqa.selenium.SessionNotCreatedException: session not created: This version of ChromeDriver only supports Chrome version 79
Build info: version: '3.141.59', revision: 'e82be7d358', time: '2018-11-14T08:17:03'
System info: host: 'OJAS00217', ip: '192.168.3.176', os.name: 'Windows 10', os.arch: 'amd64', os.version: '10.0', java.version: '1.8.0_211'
Driver info: driver.version: ChromeDriver
remote stacktrace: Backtrace:
Ordinal0 [0x0051A113+1548563]
Ordinal0 [0x0049DDA1+1039777]
Ordinal0 [0x0041E485+517253]
Ordinal0 [0x003AFD34+64820]
Ordinal0 [0x003AC61E+50718]
Ordinal0 [0x003CB797+178071]
Ordinal0 [0x003CB59D+177565]
Ordinal0 [0x003C95FB+169467]
Ordinal0 [0x003B160A+71178]
Ordinal0 [0x003B2690+75408]
Ordinal0 [0x003B2629+75305]
Ordinal0 [0x004B71B7+1143223]
GetHandleVerifier [0x005B2B46+507814]
GetHandleVerifier [0x005B2864+507076]
GetHandleVerifier [0x005B9F47+537511]
GetHandleVerifier [0x005B3402+510050]
Ordinal0 [0x004AF29C+1110684]
Ordinal0 [0x004B938B+1151883]
Ordinal0 [0x004B94F3+1152243]
Ordinal0 [0x004B83F5+1147893]
BaseThreadInitThunk [0x76C56359+25]
RtlGetAppContainerNamedObjectPath [0x77CC7B74+228]
RtlGetAppContainerNamedObjectPath [0x77CC7B44+180]

at org.openqa.selenium.remote.W3CHandshakeResponse.lambda$errorHandler$0(W3CHandshakeResponse.java:62)
at org.openqa.selenium.remote.HandshakeResponse.lambda$getResponseFunction$0(HandshakeResponse.java:30)
at org.openqa.selenium.remote.ProtocolHandshake.lambda$createSession$0(ProtocolHandshake.java:126)
at java.util.stream.ReferencePipeline$3$1.accept(Unknown Source)
at java.util.Spliterators$ArraySpliterator.tryAdvance(Unknown Source)
at java.util.stream.ReferencePipeline.forEachWithCancel(Unknown Source)
at java.util.stream.AbstractPipeline.copyIntoWithCancel(Unknown Source)
at java.util.stream.AbstractPipeline.copyInto(Unknown Source)
at java.util.stream.AbstractPipeline.wrapAndCopyInto(Unknown Source)
at java.util.stream.FindOps$FindOp.evaluateSequential(Unknown Source)
at java.util.stream.AbstractPipeline.evaluate(Unknown Source)
at java.util.stream.ReferencePipeline.findFirst(Unknown Source)
at org.openqa.selenium.remote.ProtocolHandshake.createSession(ProtocolHandshake.java:128)
at org.openqa.selenium.remote.ProtocolHandshake.createSession(ProtocolHandshake.java:74)
at org.openqa.selenium.remote.HttpCommandExecutor.execute(HttpCommandExecutor.java:136)
at org.openqa.selenium.remote.service.DriverCommandExecutor.execute(DriverCommandExecutor.java:83)
at org.openqa.selenium.remote.RemoteWebDriver.execute(RemoteWebDriver.java:552)
at org.openqa.selenium.remote.RemoteWebDriver.startSession(RemoteWebDriver.java:213)
at org.openqa.selenium.remote.RemoteWebDriver.<init>(RemoteWebDriver.java:131)
at org.openqa.selenium.chrome.ChromeDriver.<init>(ChromeDriver.java:181)
at org.openqa.selenium.chrome.ChromeDriver.<init>(ChromeDriver.java:168)
at org.openqa.selenium.chrome.ChromeDriver.<init>(ChromeDriver.java:123)
at com.PigeonHole.FunctionalLibrary.GenericMethods.openBrowser(GenericMethods.java:32)
at com.PigeonHole.RegressionScripts.PigeonHole_CreateQuizSessions.appLaunch(PigeonHole_CreateQuizSessions.java:61)
... Removed 30 stack frames]]>
    </failure>
  </testcase> <!-- @BeforeClass appLaunch -->
  <testcase name="clickAsiaLeadershipConference" time="0.0" classname="com.PigeonHole.RegressionScripts.PigeonHole_QA_Test">
    <skipped/>
  </testcase> <!-- clickAsiaLeadershipConference -->
  <testcase name="Add_Pigeonhole" time="0.0" classname="com.PigeonHole.RegressionScripts.PigeonHole_MultipleChoicePoll_Test">
    <skipped/>
  </testcase> <!-- Add_Pigeonhole -->
  <testcase name="setUpEventModel" time="0.0" classname="com.PigeonHole.RegressionScripts.PigeonHole_CreateQuizSessions">
    <skipped/>
  </testcase> <!-- setUpEventModel -->
</testsuite> <!-- Test -->
